Using pre-set license
Built from '2022.3/staging' branch; Version is '2022.3.15f1 (b58023a2b463) revision 11894819'; Using compiler version '192829333'; Build Type 'Release'
OS: 'Windows 11  (10.0.22621) 64bit Core' Language: 'ja' Physical Memory: 16124 MB
BatchMode: 1, IsHumanControllingUs: 0, StartBugReporterOnCrash: 0, Is64bit: 1, IsPro: 1

COMMAND LINE ARGUMENTS:
C:\Program Files\Unity\Hub\Editor\2022.3.15f1\Editor\Unity.exe
-adb2
-batchMode
-noUpm
-name
AssetImportWorker5
-projectPath
C:/latest/BraccioControl/BraccioIKUnity
-logFile
Logs/AssetImportWorker5.log
-srvPort
63060
Successfully changed project path to: C:/latest/BraccioControl/BraccioIKUnity
C:/latest/BraccioControl/BraccioIKUnity
[UnityMemory] Configuration Parameters - Can be set up in boot.config
    "memorysetup-bucket-allocator-granularity=16"
    "memorysetup-bucket-allocator-bucket-count=8"
    "memorysetup-bucket-allocator-block-size=33554432"
    "memorysetup-bucket-allocator-block-count=8"
    "memorysetup-main-allocator-block-size=16777216"
    "memorysetup-thread-allocator-block-size=16777216"
    "memorysetup-gfx-main-allocator-block-size=16777216"
    "memorysetup-gfx-thread-allocator-block-size=16777216"
    "memorysetup-cache-allocator-block-size=4194304"
    "memorysetup-typetree-allocator-block-size=2097152"
    "memorysetup-profiler-bucket-allocator-granularity=16"
    "memorysetup-profiler-bucket-allocator-bucket-count=8"
    "memorysetup-profiler-bucket-allocator-block-size=33554432"
    "memorysetup-profiler-bucket-allocator-block-count=8"
    "memorysetup-profiler-allocator-block-size=16777216"
    "memorysetup-profiler-editor-allocator-block-size=1048576"
    "memorysetup-temp-allocator-size-main=16777216"
    "memorysetup-job-temp-allocator-block-size=2097152"
    "memorysetup-job-temp-allocator-block-size-background=1048576"
    "memorysetup-job-temp-allocator-reduction-small-platforms=262144"
    "memorysetup-allocator-temp-initial-block-size-main=262144"
    "memorysetup-allocator-temp-initial-block-size-worker=262144"
    "memorysetup-temp-allocator-size-background-worker=32768"
    "memorysetup-temp-allocator-size-job-worker=262144"
    "memorysetup-temp-allocator-size-preload-manager=33554432"
    "memorysetup-temp-allocator-size-nav-mesh-worker=65536"
    "memorysetup-temp-allocator-size-audio-worker=65536"
    "memorysetup-temp-allocator-size-cloud-worker=32768"
    "memorysetup-temp-allocator-size-gi-baking-worker=262144"
    "memorysetup-temp-allocator-size-gfx=262144"
Player connection [41004] Host "[IP] 172.20.10.7 [Port] 0 [Flags] 2 [Guid] 1008751767 [EditorId] 1008751767 [Version] 1048832 [Id] WindowsEditor(7,lopezlab) [Debug] 1 [PackageName] WindowsEditor [ProjectName] Editor" joined multi-casting on [225.0.0.222:54997]...

Player connection [41004] Host "[IP] 172.20.10.7 [Port] 0 [Flags] 2 [Guid] 1008751767 [EditorId] 1008751767 [Version] 1048832 [Id] WindowsEditor(7,lopezlab) [Debug] 1 [PackageName] WindowsEditor [ProjectName] Editor" joined alternative multi-casting on [225.0.0.222:34997]...

[Physics::Module] Initialized MultithreadedJobDispatcher with 19 workers.
Refreshing native plugins compatible for Editor in 15.35 ms, found 8 plugins.
Preloading 0 native plugins for Editor in 0.00 ms.
Initialize engine version: 2022.3.15f1 (b58023a2b463)
[Subsystems] Discovering subsystems at path C:/Program Files/Unity/Hub/Editor/2022.3.15f1/Editor/Data/Resources/UnitySubsystems
[Subsystems] Discovering subsystems at path C:/latest/BraccioControl/BraccioIKUnity/Assets
GfxDevice: creating device client; threaded=0; jobified=0
Direct3D:
    Version:  Direct3D 11.0 [level 11.1]
    Renderer: NVIDIA GeForce RTX 3050 Ti Laptop GPU (ID=0x25a0)
    Vendor:   NVIDIA
    VRAM:     3993 MB
    Driver:   31.0.15.1700
Initialize mono
Mono path[0] = 'C:/Program Files/Unity/Hub/Editor/2022.3.15f1/Editor/Data/Managed'
Mono path[1] = 'C:/Program Files/Unity/Hub/Editor/2022.3.15f1/Editor/Data/MonoBleedingEdge/lib/mono/unityjit-win32'
Mono config path = 'C:/Program Files/Unity/Hub/Editor/2022.3.15f1/Editor/Data/MonoBleedingEdge/etc'
Using monoOptions --debugger-agent=transport=dt_socket,embedding=1,server=y,suspend=n,address=127.0.0.1:56204
Begin MonoManager ReloadAssembly
Registering precompiled unity dll's ...
Register platform support module: C:/Program Files/Unity/Hub/Editor/2022.3.15f1/Editor/Data/PlaybackEngines/WebGLSupport/UnityEditor.WebGL.Extensions.dll
Register platform support module: C:/Program Files/Unity/Hub/Editor/2022.3.15f1/Editor/Data/PlaybackEngines/AndroidPlayer/UnityEditor.Android.Extensions.dll
Register platform support module: C:/Program Files/Unity/Hub/Editor/2022.3.15f1/Editor/Data/PlaybackEngines/WindowsStandaloneSupport/UnityEditor.WindowsStandalone.Extensions.dll
Register platform support module: C:/Program Files/Unity/Hub/Editor/2022.3.15f1/Editor/Data/PlaybackEngines/MetroSupport/UnityEditor.UWP.Extensions.dll
Registered in 0.007477 seconds.
- Loaded All Assemblies, in  0.369 seconds
Native extension for UWP target not found
Native extension for WindowsStandalone target not found
Native extension for Android target not found
Android Extension - Scanning For ADB Devices 321 ms
Native extension for WebGL target not found
Mono: successfully reloaded assembly
- Finished resetting the current domain, in  0.591 seconds
Domain Reload Profiling: 959ms
	BeginReloadAssembly (120ms)
		ExecutionOrderSort (0ms)
		DisableScriptedObjects (0ms)
		BackupInstance (0ms)
		ReleaseScriptingObjects (0ms)
		CreateAndSetChildDomain (1ms)
	RebuildCommonClasses (31ms)
	RebuildNativeTypeToScriptingClass (8ms)
	initialDomainReloadingComplete (50ms)
	LoadAllAssembliesAndSetupDomain (159ms)
		LoadAssemblies (119ms)
		RebuildTransferFunctionScriptingTraits (0ms)
		AnalyzeDomain (157ms)
			TypeCache.Refresh (155ms)
				TypeCache.ScanAssembly (143ms)
			ScanForSourceGeneratedMonoScriptInfo (0ms)
			ResolveRequiredComponents (0ms)
	FinalizeReload (591ms)
		ReleaseScriptCaches (0ms)
		RebuildScriptCaches (0ms)
		SetupLoadedEditorAssemblies (545ms)
			LogAssemblyErrors (0ms)
			InitializePlatformSupportModulesInManaged (419ms)
			SetLoadedEditorAssemblies (2ms)
			RefreshPlugins (0ms)
			BeforeProcessingInitializeOnLoad (2ms)
			ProcessInitializeOnLoadAttributes (86ms)
			ProcessInitializeOnLoadMethodAttributes (36ms)
			AfterProcessingInitializeOnLoad (0ms)
			EditorAssembliesLoaded (0ms)
		ExecutionOrderSort2 (0ms)
		AwakeInstancesAfterBackupRestoration (0ms)
========================================================================
Worker process is ready to serve import requests
Begin MonoManager ReloadAssembly
- Loaded All Assemblies, in  0.503 seconds
Refreshing native plugins compatible for Editor in 7.56 ms, found 8 plugins.
Native extension for UWP target not found
Native extension for WindowsStandalone target not found
Native extension for Android target not found
Native extension for WebGL target not found
Package Manager log level set to [2]
[Package Manager] Server::EnsureServerProcessIsRunning -- launch failed, reason: Unity was launched with the -noUpm command-line argument
[Package Manager] UpmClient::Send -- Unable to send message (not connected to UPM process).
[Package Manager] Cannot connect to Unity Package Manager local server
[Package Manager] Server::EnsureServerProcessIsRunning -- launch failed, reason: Unity was launched with the -noUpm command-line argument
[Package Manager] UpmClient::Send -- Unable to send message (not connected to UPM process).
[Package Manager] Cannot connect to Unity Package Manager local server
Mono: successfully reloaded assembly
[Package Manager] Server::EnsureServerProcessIsRunning -- launch failed, reason: Unity was launched with the -noUpm command-line argument
[Package Manager] UpmClient::Send -- Unable to send message (not connected to UPM process).
[Package Manager] Cannot connect to Unity Package Manager local server
[Package Manager] Server::EnsureServerProcessIsRunning -- launch failed, reason: Unity was launched with the -noUpm command-line argument
[Package Manager] UpmClient::Send -- Unable to send message (not connected to UPM process).
[Package Manager] Cannot connect to Unity Package Manager local server
- Finished resetting the current domain, in  0.799 seconds
Domain Reload Profiling: 1300ms
	BeginReloadAssembly (125ms)
		ExecutionOrderSort (0ms)
		DisableScriptedObjects (4ms)
		BackupInstance (0ms)
		ReleaseScriptingObjects (0ms)
		CreateAndSetChildDomain (20ms)
	RebuildCommonClasses (27ms)
	RebuildNativeTypeToScriptingClass (8ms)
	initialDomainReloadingComplete (21ms)
	LoadAllAssembliesAndSetupDomain (320ms)
		LoadAssemblies (250ms)
		RebuildTransferFunctionScriptingTraits (0ms)
		AnalyzeDomain (141ms)
			TypeCache.Refresh (116ms)
				TypeCache.ScanAssembly (100ms)
			ScanForSourceGeneratedMonoScriptInfo (18ms)
			ResolveRequiredComponents (6ms)
	FinalizeReload (799ms)
		ReleaseScriptCaches (0ms)
		RebuildScriptCaches (0ms)
		SetupLoadedEditorAssemblies (640ms)
			LogAssemblyErrors (0ms)
			InitializePlatformSupportModulesInManaged (23ms)
			SetLoadedEditorAssemblies (3ms)
			RefreshPlugins (0ms)
			BeforeProcessingInitializeOnLoad (59ms)
			ProcessInitializeOnLoadAttributes (510ms)
			ProcessInitializeOnLoadMethodAttributes (41ms)
			AfterProcessingInitializeOnLoad (4ms)
			EditorAssembliesLoaded (0ms)
		ExecutionOrderSort2 (0ms)
		AwakeInstancesAfterBackupRestoration (5ms)
Launched and connected shader compiler UnityShaderCompiler.exe after 0.06 seconds
Refreshing native plugins compatible for Editor in 7.43 ms, found 8 plugins.
Preloading 0 native plugins for Editor in 0.00 ms.
Unloading 3454 Unused Serialized files (Serialized files now loaded: 0)
Unloading 72 unused Assets / (76.3 KB). Loaded Objects now: 3945.
Memory consumption went from 154.5 MB to 154.4 MB.
Total: 4.061200 ms (FindLiveObjects: 0.258400 ms CreateObjectMapping: 0.132500 ms MarkObjects: 3.539300 ms  DeleteObjects: 0.129400 ms)

AssetImportParameters requested are different than current active one (requested -> active):
  custom:scripting/monoscript/fileName/DPadInteraction.cs: 95e73fe253040182d7d3a72946b178f3 -> 93f85c8ba74c4199c8fc9b6e8c6fb8a6
  custom:scripting/monoscript/fileName/OpenXRFeatureSettingsEditor.cs: 432d4287b2c032d3f57733ec7a14ca52 -> 46f7bc9b6667349416d592c92274a2cd
  custom:container-demuxer-ogg: 62fdf1f143b41e24485cea50d1cbac27 -> 
  custom:scripting/monoscript/fileName/UWPCoreWindowBuildHooks.cs: 83747187b120078555c0394b9a9b0ce0 -> 528ee0545204f8083d130ec04efc78bc
  custom:scripting/monoscript/fileName/MetaQuestFeatureEditor.cs: acb175f41678fa8897fabd924791b0e7 -> fff340053bb2e94334d0d5989f2eb349
  custom:video-codec-MediaFoundation-h265: 746d11721c4dcdbdad8f713fa42b33f4 -> 
  custom:scripting/monoscript/fileName/PalmPoseInteraction.cs: d1ed093e68224e5cc45274e3ae6adc1c -> 6bd25b6029acb9127f25748cb0b6d2a8
  custom:scripting/monoscript/fileName/OpenXRRuntime.cs: 41cdbd5bfbc4a71a3067e813237075c2 -> c3a00f9ce6a0283dcb391b83637adf44
  custom:video-decoder-ogg-theora: a1e56fd34408186e4bbccfd4996cb3dc -> 
  custom:scripting/monoscript/fileName/MetaQuestTouchProControllerProfile.cs: 924a0a20cbec88241d3a6560225c517c -> 9fffae235d4c14901711127c7daeb86c
  custom:scripting/monoscript/fileName/OpenXRConstants.cs: 62bb241e63691239607e98a1eb79e80e -> f878d042bd3999b796b9387b0c8a1032
  custom:scripting/monoscript/fileName/OpenXRFeatureUICommon.cs: 461800e5238100664aadc5872df93167 -> 45f7a59cd9c5cd84e28e0f7a429879c2
  custom:framework-win-MediaFoundation: 216162199b28c13a410421893ffa2e32 -> 
  custom:scripting/monoscript/fileName/OpenXRLoaderUI.cs: 9a80d2e453353745eb2f0dd55330d851 -> ebd8d704d5e26f054d43886c272cd005
  custom:scripting/monoscript/fileName/WaitForRestartFinish.cs: c5a146c5b1d306e0748cbca9592361f1 -> 0e76bf389cf347a5d8d6432ec661895f
  custom:scripting/monoscript/fileName/KHRSimpleControllerProfile.cs: 3b25cc37f550e18bd565ed99a4735dab -> bcdcb81587b2075f7af2f75706b9e69a
  custom:scripting/monoscript/fileName/OpenXRBuildProcessor.cs: 78ee5da2c331be8992399c1b88b44da9 -> 48dc0e114f75799c0d74bafe70808189
  custom:scripting/monoscript/fileName/OpenXRFeatureSettings.cs: 8f6297df34271fdb1ce2d9607ec6261d -> 90647cc400823b41df847a6cbfc29026
  custom:scripting/monoscript/fileName/OpenXRFeatureInternal.cs: 8f6297df34271fdb1ce2d9607ec6261d -> 90647cc400823b41df847a6cbfc29026
  custom:scripting/monoscript/fileName/DPadInteractionCustomEditor.cs: 99cd61b34a13338ccbcfea9c8d6abe5b -> d93785eeae2b4d41d39f603bd6f9849d
  custom:scripting/monoscript/fileName/OpenXRSpaceSettings.cs: 8f6297df34271fdb1ce2d9607ec6261d -> 90647cc400823b41df847a6cbfc29026
  custom:scripting/monoscript/fileName/ConformanceAutomationFeature.cs: cecaa95652b5ef8cb218b1dba74d83f1 -> 97112e825fad9ed87f6a9c7acc231c0b
  custom:scripting/monoscript/fileName/OpenXRLoaderInternal.cs: 8f6297df34271fdb1ce2d9607ec6261d -> 90647cc400823b41df847a6cbfc29026
  custom:scripting/monoscript/fileName/FeatureHelpers.cs: 04ad13b1b8191b392f3bd1df6ddd9271 -> 0e8d07707daeed1da30b1605e903226b
  custom:scripting/monoscript/fileName/DebuggerState.cs: 9e1dc0a50db973559c612ce1e515d668 -> 41070b7a08cc178a9ea51324cdaf5b81
  custom:CustomObjectIndexerAttribute: 43b350a4d6e6d1791af0b5038c4bea17 -> 
  custom:scripting/monoscript/fileName/OpenXRHmd.cs: be9ba1f914b0ca630d830f312e55d947 -> 1624687aa096b40d58d149d9c6304cca
  custom:scripting/monoscript/fileName/OpenXRMangementSettings.cs: 92bd940a5b14de9463a17a42849426eb -> 5a013b6c45b1e1d06085cb1496493b86
  custom:scripting/monoscript/fileName/OculusTouchControllerProfile.cs: 30174fa0cf36f963f4ec71c1aeb12f39 -> 03df51b5c781d1980f509408bae72bc8
  custom:scripting/monoscript/fileName/OpenXRNativeTypes.cs: 793b5e02b73bcc70e26074eb04bed819 -> 91cde5f962ea5dcb75652e72bac8769f
  custom:container-demuxer-webm: 4f35f7cbe854078d1ac9338744f61a02 -> 
  custom:scripting/monoscript/fileName/KnownFeatureSets.cs: ef1e57626e9d494e608dd097a504d985 -> 2cf391597f07a52473981e9cc2b41b67
  custom:scripting/monoscript/fileName/OpenXRProjectValidationRulesSetup.cs: 25e2d07ebf4abc51d6b13033f9d9631b -> 63c520149123eced22b6028c5ebd9d08
  custom:scripting/monoscript/fileName/MicrosoftHandInteraction.cs: 4dc4abdfb772f525705d10e2a1807220 -> dac920740153b0163dda0f7e56920e40
  custom:scripting/monoscript/fileName/RuntimeDebuggerWindow.cs: 410e78f6930c47a47f060ada0f65ea14 -> 0bc1d5ee7ce2553d42d62861471f3c44
  custom:scripting/monoscript/fileName/PackageSettingsEditor.cs: 3d290d8387d6b7e9107e28c918b35a75 -> 6212fddebb8f67c4da0f50592230839b
  custom:container-muxer-webm: aa71ff27fc2769a1b78a27578f13a17b -> 
  custom:scripting/monoscript/fileName/OpenXRLoader.cs: 2a29eae8313c0da50c8f79719feabdc3 -> 18020e98a4b26e822e0c5684b0251e04
  custom:scripting/monoscript/fileName/ValveIndexControllerProfile.cs: dcb1a84c7641748e3dbe495d3f7fcacd -> f923b1771c835a70375d3505e818878d
  custom:scripting/monoscript/fileName/OculusQuestFeatureEditor.cs: caa2240a357715777809c1e155d7fcfc -> af70b82209b4cf6ce20a2da2892dfc5f
  custom:video-decoder-webm-vp8: 9c59270c3fd7afecdb556c50c9e8de78 -> 
  custom:scripting/monoscript/fileName/OpenXRChooseRuntimeLibraries.cs: 310f73dd2546cb472dfd9dd2b709f43e -> 3923c2f1337a35d737ad0192eb46b432
  custom:scripting/monoscript/fileName/OculusQuestFeature.cs: f4ac8316c0f32dfaffd8fcb19bf24db7 -> 041c3418dd65b8e99ca410c708996814
  custom:scripting/monoscript/fileName/OpenXRFeatureSetManager.cs: 4e048d6bab7aae2619fe673806cc6ebf -> 4f340a53d115a7e1888d00ddc4cd614b
  custom:SearchIndexIgnoredProperties: e643bd26f0fe6173181afceb89e7c659 -> 
  custom:AudioImporter_EditorPlatform: d09bf68614088b80899f8185d706f6e7 -> 
  custom:scripting/monoscript/fileName/MockRuntime.cs: 4707e1b72a1c680c9bca910cce99580c -> 8e970d93da4762c7d57e9c9dd2b36dbb
  custom:scripting/monoscript/fileName/OpenXRDevice.cs: f3c3823f4956568d1e9728f978cdcf7b -> 1b3be9b024fb29351711164fb0577202
  custom:scripting/monoscript/fileName/HTCViveControllerProfile.cs: 68cbea6a75bb808962ef4679852274fe -> 575b921c71649e99576a05f0add9cf5d
  custom:scripting/monoscript/fileName/BootConfigBuilder.cs: 80cbd1d6b38400b696adb897e5751311 -> a174d8870c7a69fabc7d42a75b0f23aa
  custom:scripting/monoscript/fileName/OpenXRRenderSettings.cs: 8f6297df34271fdb1ce2d9607ec6261d -> 90647cc400823b41df847a6cbfc29026
  custom:scripting/monoscript/fileName/EyeGazeInteraction.cs: df93ecad6ff84040ea811a409734aecf -> dc1f12620c8656649cfc16f13969f5fa
  custom:scripting/monoscript/fileName/OpenXRAnalytics.cs: cd04f750fae989b24a13eb8b7fc568c7 -> 67d5de80ae8e3ee46bb1b4907783d54c
  custom:scripting/monoscript/fileName/MicrosoftMotionControllerProfile.cs: 047322156082fa203c5ec2a3d6b58d79 -> 6dcaa2067404bed7771687f2f9dfa057
  custom:scripting/monoscript/fileName/OpenXRRestarter.cs: 42c4a284fa4bc016f7554a7523fe6083 -> c236f3f43c026f409512d203b81e6184
  custom:scripting/monoscript/fileName/OpenXRFeatureAttribute.cs: 02f616d9d4e5ebefb869a433568617fe -> cb6dde4b346c754b123a290cdf928c65
  custom:scripting/monoscript/fileName/OpenXRLoaderNoPreInit.cs: 7ea37fe40035155d109f06ed1e31bdc0 -> 8f7a064e1e0bb6e17b9f5d171fe53dfc
  custom:scripting/monoscript/fileName/HandCommonPosesInteraction.cs: a9ba4ac130365bd9a98d3249459ad095 -> c984aa78f460c3bf39ec56bc9a0a414a
  custom:scripting/monoscript/fileName/OpenXRDiagnosticReport.cs: 81b79e6d53653bad181c2294c861dd29 -> f43e8307d90025ed39c346ed63d1208d
  custom:scripting/monoscript/fileName/RuntimeDebuggerOpenXRFeatureEditor.cs: 78d558165618d978f07c916ce9e6e2f5 -> 26a9be57964b520d3a47d8c20db877e9
  custom:scripting/monoscript/fileName/PoseControl.cs: 609dfc7c8c05a1cf200909bbac757fec -> 4ff0d325328ef40fb1693e34ac3358bf
  custom:scripting/monoscript/fileName/OpenXRFeatureBuildHooks.cs: 1710c5d7a8e48075c9e4aff8b45f1152 -> da31756dd3c74e69bcd7ed1a1983ed53
  custom:scripting/monoscript/fileName/HPReverbG2ControllerProfile.cs: 9d8499f0c7d25c6b81dc777a2c71df61 -> 6aadb5e22feaccfa77ef6db6c4d4541c
  custom:video-encoder-webm-vp8: eb34c28f22e8b96e1ab97ce403110664 -> 
  custom:scripting/monoscript/fileName/BootConfig.cs: 24b01b5e4e987a969a9c22c0ebea884d -> b2c4d54615a39b14509e601dd0f329ff
  custom:audio-decoder-ogg-vorbis: bf7c407c2cedff20999df2af8eb42d56 -> 
  custom:scripting/monoscript/fileName/OpenXRPackageSettings.cs: b11fb0112aeb128e201271bf06e53e96 -> 4f4aaba453bf105fb1c3c3d64247142d
  custom:scripting/monoscript/fileName/ModifyAndroidManifestMeta.cs: 0665e52998c0deb3bd8028395f9cc405 -> 3b920058e4dd8cbdb95cce4af271f981
  custom:scripting/monoscript/fileName/OpenXRFeatureSetAttribute.cs: 984b4e8e6598cf2b759dd56f021485ae -> 9e20f05fe0a3688af8836175869f0bb7
  custom:scripting/monoscript/fileName/HapticControl.cs: 81ffcc968c7774530b274658fb3c363b -> d7a5389cafde2a1337c58e2f0d91a837
  custom:scripting/monoscript/fileName/MetaQuestFeature.cs: 3ce83f71782e0ea75b31e962ea3efa0c -> b9c317336250afc5bb5fa2c2df269ea6
  custom:scripting/monoscript/fileName/OpenXRRuntimeSelector.cs: b88171011e80f362675b48be5e486939 -> 976a19637455f3c9d6af12ad00b783e3
  custom:scripting/monoscript/fileName/OpenXRFeatureEditor.cs: 80fd68feb25104575fb2fab5d957091c -> 01dd3fecc4e9c7ce9fb6af5d0948ba2a
  custom:scripting/monoscript/fileName/BuildHelperUtils.cs: 8328d1d9a38e1eb013b8e145e6eaf5e2 -> 619773c3d1b7f3f0ca7461f5c27242a8
  custom:scripting/monoscript/fileName/HandInteractionProfile.cs: 0d2aed2831986eac6f8f9aa17828b9d5 -> 9c7649bd495ee99cc73ddacbe0a8cd95
  custom:scripting/monoscript/fileName/ModifyAndroidManifestOculus.cs: fb2d868358b34027ef7bebd7c414bb6f -> 1d09740e7edd66fffc5895aae9e385d3
  custom:audio-encoder-webm-vorbis: bf7c407c2cedff20999df2af8eb42d56 -> 
  custom:scripting/monoscript/fileName/RuntimeDebuggerOpenXRFeature.cs: ca724df07df4d3ac84a3c339b29d867a -> 8b269b64ad1c99e85d7f28185c15f7bb
  custom:scripting/monoscript/fileName/MetaQuestFeatureBuildHooks.cs: 9faef18f7993e6e1073d79300a2378de -> 2ac755c66ffd4e4b7c22530386a7ba47
  custom:scripting/monoscript/fileName/OpenXRInput.cs: 22c2d7f1ec78d2a3229acc23c316aa56 -> b351db87f98ee399e568b78e0ed353e3
  custom:scripting/monoscript/fileName/OpenXRInteractionFeature.cs: cdbb80131a5413ae3319d169bec27823 -> a60484418ad6b497996467bb6f98db73
  custom:scripting/monoscript/fileName/OpenXREditorSettings.cs: 2445cd97d9c83a89667b220edba88001 -> 321e3a8126bc4b0248cbcecf63892f31
  custom:scripting/monoscript/fileName/OpenXRProjectValidation.cs: b212a865ce6bc0eec7aa584eb24e0320 -> 181508e149a91a64c6dfdc447b97c322
========================================================================
Received Prepare
Begin MonoManager ReloadAssembly
- Loaded All Assemblies, in  0.655 seconds
Refreshing native plugins compatible for Editor in 8.81 ms, found 8 plugins.
Native extension for UWP target not found
Native extension for WindowsStandalone target not found
Native extension for Android target not found
Native extension for WebGL target not found
[Package Manager] Server::EnsureServerProcessIsRunning -- launch failed, reason: Unity was launched with the -noUpm command-line argument
[Package Manager] UpmClient::Send -- Unable to send message (not connected to UPM process).
[Package Manager] Cannot connect to Unity Package Manager local server
[Package Manager] Server::EnsureServerProcessIsRunning -- launch failed, reason: Unity was launched with the -noUpm command-line argument
[Package Manager] UpmClient::Send -- Unable to send message (not connected to UPM process).
[Package Manager] Cannot connect to Unity Package Manager local server
Mono: successfully reloaded assembly
[Package Manager] Server::EnsureServerProcessIsRunning -- launch failed, reason: Unity was launched with the -noUpm command-line argument
[Package Manager] UpmClient::Send -- Unable to send message (not connected to UPM process).
[Package Manager] Cannot connect to Unity Package Manager local server
- Finished resetting the current domain, in  1.494 seconds
Domain Reload Profiling: 2146ms
	BeginReloadAssembly (216ms)
		ExecutionOrderSort (0ms)
		DisableScriptedObjects (7ms)
		BackupInstance (0ms)
		ReleaseScriptingObjects (0ms)
		CreateAndSetChildDomain (71ms)
	RebuildCommonClasses (29ms)
	RebuildNativeTypeToScriptingClass (9ms)
	initialDomainReloadingComplete (29ms)
	LoadAllAssembliesAndSetupDomain (369ms)
		LoadAssemblies (444ms)
		RebuildTransferFunctionScriptingTraits (0ms)
		AnalyzeDomain (19ms)
			TypeCache.Refresh (10ms)
				TypeCache.ScanAssembly (0ms)
			ScanForSourceGeneratedMonoScriptInfo (0ms)
			ResolveRequiredComponents (7ms)
	FinalizeReload (1494ms)
		ReleaseScriptCaches (0ms)
		RebuildScriptCaches (0ms)
		SetupLoadedEditorAssemblies (423ms)
			LogAssemblyErrors (0ms)
			InitializePlatformSupportModulesInManaged (24ms)
			SetLoadedEditorAssemblies (5ms)
			RefreshPlugins (0ms)
			BeforeProcessingInitializeOnLoad (60ms)
			ProcessInitializeOnLoadAttributes (298ms)
			ProcessInitializeOnLoadMethodAttributes (33ms)
			AfterProcessingInitializeOnLoad (4ms)
			EditorAssembliesLoaded (0ms)
		ExecutionOrderSort2 (0ms)
		AwakeInstancesAfterBackupRestoration (6ms)
Refreshing native plugins compatible for Editor in 9.65 ms, found 8 plugins.
Preloading 0 native plugins for Editor in 0.00 ms.
Unloading 3411 Unused Serialized files (Serialized files now loaded: 0)
Unloading 59 unused Assets / (50.2 KB). Loaded Objects now: 3949.
Memory consumption went from 147.1 MB to 147.1 MB.
Total: 4.218000 ms (FindLiveObjects: 0.244200 ms CreateObjectMapping: 0.105300 ms MarkObjects: 3.633300 ms  DeleteObjects: 0.233500 ms)

Prepare: number of updated asset objects reloaded= 0
AssetImportParameters requested are different than current active one (requested -> active):
  custom:scripting/monoscript/fileName/DPadInteraction.cs: 95e73fe253040182d7d3a72946b178f3 -> 93f85c8ba74c4199c8fc9b6e8c6fb8a6
  custom:scripting/monoscript/fileName/OpenXRFeatureSettingsEditor.cs: 432d4287b2c032d3f57733ec7a14ca52 -> 46f7bc9b6667349416d592c92274a2cd
  custom:container-demuxer-ogg: 62fdf1f143b41e24485cea50d1cbac27 -> 
  custom:scripting/monoscript/fileName/UWPCoreWindowBuildHooks.cs: 83747187b120078555c0394b9a9b0ce0 -> 528ee0545204f8083d130ec04efc78bc
  custom:scripting/monoscript/fileName/MetaQuestFeatureEditor.cs: acb175f41678fa8897fabd924791b0e7 -> fff340053bb2e94334d0d5989f2eb349
  custom:video-codec-MediaFoundation-h265: 746d11721c4dcdbdad8f713fa42b33f4 -> 
  custom:scripting/monoscript/fileName/PalmPoseInteraction.cs: d1ed093e68224e5cc45274e3ae6adc1c -> 6bd25b6029acb9127f25748cb0b6d2a8
  custom:scripting/monoscript/fileName/OpenXRRuntime.cs: 41cdbd5bfbc4a71a3067e813237075c2 -> c3a00f9ce6a0283dcb391b83637adf44
  custom:video-decoder-ogg-theora: a1e56fd34408186e4bbccfd4996cb3dc -> 
  custom:scripting/monoscript/fileName/MetaQuestTouchProControllerProfile.cs: 924a0a20cbec88241d3a6560225c517c -> 9fffae235d4c14901711127c7daeb86c
  custom:scripting/monoscript/fileName/OpenXRConstants.cs: 62bb241e63691239607e98a1eb79e80e -> f878d042bd3999b796b9387b0c8a1032
  custom:scripting/monoscript/fileName/OpenXRFeatureUICommon.cs: 461800e5238100664aadc5872df93167 -> 45f7a59cd9c5cd84e28e0f7a429879c2
  custom:framework-win-MediaFoundation: 216162199b28c13a410421893ffa2e32 -> 
  custom:scripting/monoscript/fileName/OpenXRLoaderUI.cs: 9a80d2e453353745eb2f0dd55330d851 -> ebd8d704d5e26f054d43886c272cd005
  custom:scripting/monoscript/fileName/WaitForRestartFinish.cs: c5a146c5b1d306e0748cbca9592361f1 -> 0e76bf389cf347a5d8d6432ec661895f
  custom:scripting/monoscript/fileName/KHRSimpleControllerProfile.cs: 3b25cc37f550e18bd565ed99a4735dab -> bcdcb81587b2075f7af2f75706b9e69a
  custom:scripting/monoscript/fileName/OpenXRBuildProcessor.cs: 78ee5da2c331be8992399c1b88b44da9 -> 48dc0e114f75799c0d74bafe70808189
  custom:scripting/monoscript/fileName/OpenXRFeatureSettings.cs: 8f6297df34271fdb1ce2d9607ec6261d -> 90647cc400823b41df847a6cbfc29026
  custom:scripting/monoscript/fileName/OpenXRFeatureInternal.cs: 8f6297df34271fdb1ce2d9607ec6261d -> 90647cc400823b41df847a6cbfc29026
  custom:scripting/monoscript/fileName/DPadInteractionCustomEditor.cs: 99cd61b34a13338ccbcfea9c8d6abe5b -> d93785eeae2b4d41d39f603bd6f9849d
  custom:scripting/monoscript/fileName/OpenXRSpaceSettings.cs: 8f6297df34271fdb1ce2d9607ec6261d -> 90647cc400823b41df847a6cbfc29026
  custom:scripting/monoscript/fileName/ConformanceAutomationFeature.cs: cecaa95652b5ef8cb218b1dba74d83f1 -> 97112e825fad9ed87f6a9c7acc231c0b
  custom:scripting/monoscript/fileName/OpenXRLoaderInternal.cs: 8f6297df34271fdb1ce2d9607ec6261d -> 90647cc400823b41df847a6cbfc29026
  custom:scripting/monoscript/fileName/FeatureHelpers.cs: 04ad13b1b8191b392f3bd1df6ddd9271 -> 0e8d07707daeed1da30b1605e903226b
  custom:scripting/monoscript/fileName/DebuggerState.cs: 9e1dc0a50db973559c612ce1e515d668 -> 41070b7a08cc178a9ea51324cdaf5b81
  custom:CustomObjectIndexerAttribute: 43b350a4d6e6d1791af0b5038c4bea17 -> 
  custom:scripting/monoscript/fileName/OpenXRHmd.cs: be9ba1f914b0ca630d830f312e55d947 -> 1624687aa096b40d58d149d9c6304cca
  custom:scripting/monoscript/fileName/OpenXRMangementSettings.cs: 92bd940a5b14de9463a17a42849426eb -> 5a013b6c45b1e1d06085cb1496493b86
  custom:scripting/monoscript/fileName/OculusTouchControllerProfile.cs: 30174fa0cf36f963f4ec71c1aeb12f39 -> 03df51b5c781d1980f509408bae72bc8
  custom:scripting/monoscript/fileName/OpenXRNativeTypes.cs: 793b5e02b73bcc70e26074eb04bed819 -> 91cde5f962ea5dcb75652e72bac8769f
  custom:container-demuxer-webm: 4f35f7cbe854078d1ac9338744f61a02 -> 
  custom:scripting/monoscript/fileName/KnownFeatureSets.cs: ef1e57626e9d494e608dd097a504d985 -> 2cf391597f07a52473981e9cc2b41b67
  custom:scripting/monoscript/fileName/OpenXRProjectValidationRulesSetup.cs: 25e2d07ebf4abc51d6b13033f9d9631b -> 63c520149123eced22b6028c5ebd9d08
  custom:scripting/monoscript/fileName/MicrosoftHandInteraction.cs: 4dc4abdfb772f525705d10e2a1807220 -> dac920740153b0163dda0f7e56920e40
  custom:scripting/monoscript/fileName/RuntimeDebuggerWindow.cs: 410e78f6930c47a47f060ada0f65ea14 -> 0bc1d5ee7ce2553d42d62861471f3c44
  custom:scripting/monoscript/fileName/PackageSettingsEditor.cs: 3d290d8387d6b7e9107e28c918b35a75 -> 6212fddebb8f67c4da0f50592230839b
  custom:container-muxer-webm: aa71ff27fc2769a1b78a27578f13a17b -> 
  custom:scripting/monoscript/fileName/OpenXRLoader.cs: 2a29eae8313c0da50c8f79719feabdc3 -> 18020e98a4b26e822e0c5684b0251e04
  custom:scripting/monoscript/fileName/ValveIndexControllerProfile.cs: dcb1a84c7641748e3dbe495d3f7fcacd -> f923b1771c835a70375d3505e818878d
  custom:scripting/monoscript/fileName/OculusQuestFeatureEditor.cs: caa2240a357715777809c1e155d7fcfc -> af70b82209b4cf6ce20a2da2892dfc5f
  custom:video-decoder-webm-vp8: 9c59270c3fd7afecdb556c50c9e8de78 -> 
  custom:scripting/monoscript/fileName/OpenXRChooseRuntimeLibraries.cs: 310f73dd2546cb472dfd9dd2b709f43e -> 3923c2f1337a35d737ad0192eb46b432
  custom:scripting/monoscript/fileName/OculusQuestFeature.cs: f4ac8316c0f32dfaffd8fcb19bf24db7 -> 041c3418dd65b8e99ca410c708996814
  custom:scripting/monoscript/fileName/OpenXRFeatureSetManager.cs: 4e048d6bab7aae2619fe673806cc6ebf -> 4f340a53d115a7e1888d00ddc4cd614b
  custom:SearchIndexIgnoredProperties: e643bd26f0fe6173181afceb89e7c659 -> 
  custom:AudioImporter_EditorPlatform: d09bf68614088b80899f8185d706f6e7 -> 
  custom:scripting/monoscript/fileName/MockRuntime.cs: 4707e1b72a1c680c9bca910cce99580c -> 8e970d93da4762c7d57e9c9dd2b36dbb
  custom:scripting/monoscript/fileName/OpenXRDevice.cs: f3c3823f4956568d1e9728f978cdcf7b -> 1b3be9b024fb29351711164fb0577202
  custom:scripting/monoscript/fileName/HTCViveControllerProfile.cs: 68cbea6a75bb808962ef4679852274fe -> 575b921c71649e99576a05f0add9cf5d
  custom:scripting/monoscript/fileName/BootConfigBuilder.cs: 80cbd1d6b38400b696adb897e5751311 -> a174d8870c7a69fabc7d42a75b0f23aa
  custom:scripting/monoscript/fileName/OpenXRRenderSettings.cs: 8f6297df34271fdb1ce2d9607ec6261d -> 90647cc400823b41df847a6cbfc29026
  custom:scripting/monoscript/fileName/EyeGazeInteraction.cs: df93ecad6ff84040ea811a409734aecf -> dc1f12620c8656649cfc16f13969f5fa
  custom:scripting/monoscript/fileName/OpenXRAnalytics.cs: cd04f750fae989b24a13eb8b7fc568c7 -> 67d5de80ae8e3ee46bb1b4907783d54c
  custom:scripting/monoscript/fileName/MicrosoftMotionControllerProfile.cs: 047322156082fa203c5ec2a3d6b58d79 -> 6dcaa2067404bed7771687f2f9dfa057
  custom:scripting/monoscript/fileName/OpenXRRestarter.cs: 42c4a284fa4bc016f7554a7523fe6083 -> c236f3f43c026f409512d203b81e6184
  custom:scripting/monoscript/fileName/OpenXRFeatureAttribute.cs: 02f616d9d4e5ebefb869a433568617fe -> cb6dde4b346c754b123a290cdf928c65
  custom:scripting/monoscript/fileName/OpenXRLoaderNoPreInit.cs: 7ea37fe40035155d109f06ed1e31bdc0 -> 8f7a064e1e0bb6e17b9f5d171fe53dfc
  custom:scripting/monoscript/fileName/HandCommonPosesInteraction.cs: a9ba4ac130365bd9a98d3249459ad095 -> c984aa78f460c3bf39ec56bc9a0a414a
  custom:scripting/monoscript/fileName/OpenXRDiagnosticReport.cs: 81b79e6d53653bad181c2294c861dd29 -> f43e8307d90025ed39c346ed63d1208d
  custom:scripting/monoscript/fileName/RuntimeDebuggerOpenXRFeatureEditor.cs: 78d558165618d978f07c916ce9e6e2f5 -> 26a9be57964b520d3a47d8c20db877e9
  custom:scripting/monoscript/fileName/PoseControl.cs: 609dfc7c8c05a1cf200909bbac757fec -> 4ff0d325328ef40fb1693e34ac3358bf
  custom:scripting/monoscript/fileName/OpenXRFeatureBuildHooks.cs: 1710c5d7a8e48075c9e4aff8b45f1152 -> da31756dd3c74e69bcd7ed1a1983ed53
  custom:scripting/monoscript/fileName/HPReverbG2ControllerProfile.cs: 9d8499f0c7d25c6b81dc777a2c71df61 -> 6aadb5e22feaccfa77ef6db6c4d4541c
  custom:video-encoder-webm-vp8: eb34c28f22e8b96e1ab97ce403110664 -> 
  custom:scripting/monoscript/fileName/BootConfig.cs: 24b01b5e4e987a969a9c22c0ebea884d -> b2c4d54615a39b14509e601dd0f329ff
  custom:audio-decoder-ogg-vorbis: bf7c407c2cedff20999df2af8eb42d56 -> 
  custom:scripting/monoscript/fileName/OpenXRPackageSettings.cs: b11fb0112aeb128e201271bf06e53e96 -> 4f4aaba453bf105fb1c3c3d64247142d
  custom:scripting/monoscript/fileName/ModifyAndroidManifestMeta.cs: 0665e52998c0deb3bd8028395f9cc405 -> 3b920058e4dd8cbdb95cce4af271f981
  custom:scripting/monoscript/fileName/OpenXRFeatureSetAttribute.cs: 984b4e8e6598cf2b759dd56f021485ae -> 9e20f05fe0a3688af8836175869f0bb7
  custom:scripting/monoscript/fileName/HapticControl.cs: 81ffcc968c7774530b274658fb3c363b -> d7a5389cafde2a1337c58e2f0d91a837
  custom:scripting/monoscript/fileName/MetaQuestFeature.cs: 3ce83f71782e0ea75b31e962ea3efa0c -> b9c317336250afc5bb5fa2c2df269ea6
  custom:scripting/monoscript/fileName/OpenXRRuntimeSelector.cs: b88171011e80f362675b48be5e486939 -> 976a19637455f3c9d6af12ad00b783e3
  custom:scripting/monoscript/fileName/OpenXRFeatureEditor.cs: 80fd68feb25104575fb2fab5d957091c -> 01dd3fecc4e9c7ce9fb6af5d0948ba2a
  custom:scripting/monoscript/fileName/BuildHelperUtils.cs: 8328d1d9a38e1eb013b8e145e6eaf5e2 -> 619773c3d1b7f3f0ca7461f5c27242a8
  custom:scripting/monoscript/fileName/HandInteractionProfile.cs: 0d2aed2831986eac6f8f9aa17828b9d5 -> 9c7649bd495ee99cc73ddacbe0a8cd95
  custom:scripting/monoscript/fileName/ModifyAndroidManifestOculus.cs: fb2d868358b34027ef7bebd7c414bb6f -> 1d09740e7edd66fffc5895aae9e385d3
  custom:audio-encoder-webm-vorbis: bf7c407c2cedff20999df2af8eb42d56 -> 
  custom:scripting/monoscript/fileName/RuntimeDebuggerOpenXRFeature.cs: ca724df07df4d3ac84a3c339b29d867a -> 8b269b64ad1c99e85d7f28185c15f7bb
  custom:scripting/monoscript/fileName/MetaQuestFeatureBuildHooks.cs: 9faef18f7993e6e1073d79300a2378de -> 2ac755c66ffd4e4b7c22530386a7ba47
  custom:scripting/monoscript/fileName/OpenXRInput.cs: 22c2d7f1ec78d2a3229acc23c316aa56 -> b351db87f98ee399e568b78e0ed353e3
  custom:scripting/monoscript/fileName/OpenXRInteractionFeature.cs: cdbb80131a5413ae3319d169bec27823 -> a60484418ad6b497996467bb6f98db73
  custom:scripting/monoscript/fileName/OpenXREditorSettings.cs: 2445cd97d9c83a89667b220edba88001 -> 321e3a8126bc4b0248cbcecf63892f31
  custom:scripting/monoscript/fileName/OpenXRProjectValidation.cs: b212a865ce6bc0eec7aa584eb24e0320 -> 181508e149a91a64c6dfdc447b97c322
========================================================================
Received Import Request.
  Time since last request: 1875655.017734 seconds.
  path: Assets/Meshes/Robotiq_EPick_2Cup.fbx
  artifactKey: Guid(7c1541e5c45cb4213bbdf61d5eae494f) Importer(815301076,1909f56bfc062723c751e8b465ee728b)
Start importing Assets/Meshes/Robotiq_EPick_2Cup.fbx using Guid(7c1541e5c45cb4213bbdf61d5eae494f) Importer(815301076,1909f56bfc062723c751e8b465ee728b)  -> (artifact id: 'c77effc607d006f21790d6e6d1da516f') in 0.314186 seconds
Number of updated asset objects reloaded before import = 0
Number of asset objects unloaded after import = 47
========================================================================
Received Import Request.
  Time since last request: 0.000042 seconds.
  path: Assets/Meshes/Table.fbx
  artifactKey: Guid(3fba682e7b5a0444eb5e51e6fc772147) Importer(815301076,1909f56bfc062723c751e8b465ee728b)
Start importing Assets/Meshes/Table.fbx using Guid(3fba682e7b5a0444eb5e51e6fc772147) Importer(815301076,1909f56bfc062723c751e8b465ee728b)  -> (artifact id: '385952570d2a6d9a9d496e73de36dcac') in 0.199511 seconds
Number of updated asset objects reloaded before import = 0
Number of asset objects unloaded after import = 9
========================================================================
Received Import Request.
  Time since last request: 0.000036 seconds.
  path: Assets/Meshes/UnityRobotics_RF3_s1.fbx
  artifactKey: Guid(583fc14d55e195d4db06bf5785fd6fa6) Importer(815301076,1909f56bfc062723c751e8b465ee728b)
Start importing Assets/Meshes/UnityRobotics_RF3_s1.fbx using Guid(583fc14d55e195d4db06bf5785fd6fa6) Importer(815301076,1909f56bfc062723c751e8b465ee728b)  -> (artifact id: '59b5b6fd26d34a476a89fcc7fbf5dee4') in 0.182381 seconds
Number of updated asset objects reloaded before import = 0
Number of asset objects unloaded after import = 50
========================================================================
Received Prepare
Begin MonoManager ReloadAssembly
- Loaded All Assemblies, in  0.536 seconds
Refreshing native plugins compatible for Editor in 8.39 ms, found 8 plugins.
Native extension for UWP target not found
Native extension for WindowsStandalone target not found
Native extension for Android target not found
Native extension for WebGL target not found
[Package Manager] Server::EnsureServerProcessIsRunning -- launch failed, reason: Unity was launched with the -noUpm command-line argument
[Package Manager] UpmClient::Send -- Unable to send message (not connected to UPM process).
[Package Manager] Cannot connect to Unity Package Manager local server
[Package Manager] Server::EnsureServerProcessIsRunning -- launch failed, reason: Unity was launched with the -noUpm command-line argument
[Package Manager] UpmClient::Send -- Unable to send message (not connected to UPM process).
[Package Manager] Cannot connect to Unity Package Manager local server
Mono: successfully reloaded assembly
[Package Manager] Server::EnsureServerProcessIsRunning -- launch failed, reason: Unity was launched with the -noUpm command-line argument
[Package Manager] UpmClient::Send -- Unable to send message (not connected to UPM process).
[Package Manager] Cannot connect to Unity Package Manager local server
- Finished resetting the current domain, in  0.860 seconds
Domain Reload Profiling: 1389ms
	BeginReloadAssembly (176ms)
		ExecutionOrderSort (0ms)
		DisableScriptedObjects (5ms)
		BackupInstance (0ms)
		ReleaseScriptingObjects (0ms)
		CreateAndSetChildDomain (48ms)
	RebuildCommonClasses (29ms)
	RebuildNativeTypeToScriptingClass (17ms)
	initialDomainReloadingComplete (36ms)
	LoadAllAssembliesAndSetupDomain (272ms)
		LoadAssemblies (342ms)
		RebuildTransferFunctionScriptingTraits (0ms)
		AnalyzeDomain (17ms)
			TypeCache.Refresh (8ms)
				TypeCache.ScanAssembly (0ms)
			ScanForSourceGeneratedMonoScriptInfo (0ms)
			ResolveRequiredComponents (8ms)
	FinalizeReload (861ms)
		ReleaseScriptCaches (0ms)
		RebuildScriptCaches (0ms)
		SetupLoadedEditorAssemblies (500ms)
			LogAssemblyErrors (0ms)
			InitializePlatformSupportModulesInManaged (33ms)
			SetLoadedEditorAssemblies (6ms)
			RefreshPlugins (0ms)
			BeforeProcessingInitializeOnLoad (67ms)
			ProcessInitializeOnLoadAttributes (349ms)
			ProcessInitializeOnLoadMethodAttributes (41ms)
			AfterProcessingInitializeOnLoad (4ms)
			EditorAssembliesLoaded (0ms)
		ExecutionOrderSort2 (0ms)
		AwakeInstancesAfterBackupRestoration (8ms)
Refreshing native plugins compatible for Editor in 15.54 ms, found 8 plugins.
Preloading 0 native plugins for Editor in 0.00 ms.
Unloading 3410 Unused Serialized files (Serialized files now loaded: 0)
Unloading 59 unused Assets / (50.1 KB). Loaded Objects now: 3996.
Memory consumption went from 149.4 MB to 149.3 MB.
Total: 4.391100 ms (FindLiveObjects: 0.257700 ms CreateObjectMapping: 0.154200 ms MarkObjects: 3.880900 ms  DeleteObjects: 0.096800 ms)

Prepare: number of updated asset objects reloaded= 0
AssetImportParameters requested are different than current active one (requested -> active):
  custom:scripting/monoscript/fileName/DPadInteraction.cs: 95e73fe253040182d7d3a72946b178f3 -> 93f85c8ba74c4199c8fc9b6e8c6fb8a6
  custom:scripting/monoscript/fileName/OpenXRFeatureSettingsEditor.cs: 432d4287b2c032d3f57733ec7a14ca52 -> 46f7bc9b6667349416d592c92274a2cd
  custom:container-demuxer-ogg: 62fdf1f143b41e24485cea50d1cbac27 -> 
  custom:scripting/monoscript/fileName/UWPCoreWindowBuildHooks.cs: 83747187b120078555c0394b9a9b0ce0 -> 528ee0545204f8083d130ec04efc78bc
  custom:scripting/monoscript/fileName/MetaQuestFeatureEditor.cs: acb175f41678fa8897fabd924791b0e7 -> fff340053bb2e94334d0d5989f2eb349
  custom:video-codec-MediaFoundation-h265: 746d11721c4dcdbdad8f713fa42b33f4 -> 
  custom:scripting/monoscript/fileName/PalmPoseInteraction.cs: d1ed093e68224e5cc45274e3ae6adc1c -> 6bd25b6029acb9127f25748cb0b6d2a8
  custom:scripting/monoscript/fileName/OpenXRRuntime.cs: 41cdbd5bfbc4a71a3067e813237075c2 -> c3a00f9ce6a0283dcb391b83637adf44
  custom:video-decoder-ogg-theora: a1e56fd34408186e4bbccfd4996cb3dc -> 
  custom:scripting/monoscript/fileName/MetaQuestTouchProControllerProfile.cs: 924a0a20cbec88241d3a6560225c517c -> 9fffae235d4c14901711127c7daeb86c
  custom:scripting/monoscript/fileName/OpenXRConstants.cs: 62bb241e63691239607e98a1eb79e80e -> f878d042bd3999b796b9387b0c8a1032
  custom:scripting/monoscript/fileName/OpenXRFeatureUICommon.cs: 461800e5238100664aadc5872df93167 -> 45f7a59cd9c5cd84e28e0f7a429879c2
  custom:framework-win-MediaFoundation: 216162199b28c13a410421893ffa2e32 -> 
  custom:scripting/monoscript/fileName/OpenXRLoaderUI.cs: 9a80d2e453353745eb2f0dd55330d851 -> ebd8d704d5e26f054d43886c272cd005
  custom:scripting/monoscript/fileName/WaitForRestartFinish.cs: c5a146c5b1d306e0748cbca9592361f1 -> 0e76bf389cf347a5d8d6432ec661895f
  custom:scripting/monoscript/fileName/KHRSimpleControllerProfile.cs: 3b25cc37f550e18bd565ed99a4735dab -> bcdcb81587b2075f7af2f75706b9e69a
  custom:scripting/monoscript/fileName/OpenXRBuildProcessor.cs: 78ee5da2c331be8992399c1b88b44da9 -> 48dc0e114f75799c0d74bafe70808189
  custom:scripting/monoscript/fileName/OpenXRFeatureSettings.cs: 8f6297df34271fdb1ce2d9607ec6261d -> 90647cc400823b41df847a6cbfc29026
  custom:scripting/monoscript/fileName/OpenXRFeatureInternal.cs: 8f6297df34271fdb1ce2d9607ec6261d -> 90647cc400823b41df847a6cbfc29026
  custom:scripting/monoscript/fileName/DPadInteractionCustomEditor.cs: 99cd61b34a13338ccbcfea9c8d6abe5b -> d93785eeae2b4d41d39f603bd6f9849d
  custom:scripting/monoscript/fileName/OpenXRSpaceSettings.cs: 8f6297df34271fdb1ce2d9607ec6261d -> 90647cc400823b41df847a6cbfc29026
  custom:scripting/monoscript/fileName/ConformanceAutomationFeature.cs: cecaa95652b5ef8cb218b1dba74d83f1 -> 97112e825fad9ed87f6a9c7acc231c0b
  custom:scripting/monoscript/fileName/OpenXRLoaderInternal.cs: 8f6297df34271fdb1ce2d9607ec6261d -> 90647cc400823b41df847a6cbfc29026
  custom:scripting/monoscript/fileName/FeatureHelpers.cs: 04ad13b1b8191b392f3bd1df6ddd9271 -> 0e8d07707daeed1da30b1605e903226b
  custom:scripting/monoscript/fileName/DebuggerState.cs: 9e1dc0a50db973559c612ce1e515d668 -> 41070b7a08cc178a9ea51324cdaf5b81
  custom:CustomObjectIndexerAttribute: 43b350a4d6e6d1791af0b5038c4bea17 -> 
  custom:scripting/monoscript/fileName/OpenXRHmd.cs: be9ba1f914b0ca630d830f312e55d947 -> 1624687aa096b40d58d149d9c6304cca
  custom:scripting/monoscript/fileName/OpenXRMangementSettings.cs: 92bd940a5b14de9463a17a42849426eb -> 5a013b6c45b1e1d06085cb1496493b86
  custom:scripting/monoscript/fileName/OculusTouchControllerProfile.cs: 30174fa0cf36f963f4ec71c1aeb12f39 -> 03df51b5c781d1980f509408bae72bc8
  custom:scripting/monoscript/fileName/OpenXRNativeTypes.cs: 793b5e02b73bcc70e26074eb04bed819 -> 91cde5f962ea5dcb75652e72bac8769f
  custom:container-demuxer-webm: 4f35f7cbe854078d1ac9338744f61a02 -> 
  custom:scripting/monoscript/fileName/KnownFeatureSets.cs: ef1e57626e9d494e608dd097a504d985 -> 2cf391597f07a52473981e9cc2b41b67
  custom:scripting/monoscript/fileName/OpenXRProjectValidationRulesSetup.cs: 25e2d07ebf4abc51d6b13033f9d9631b -> 63c520149123eced22b6028c5ebd9d08
  custom:scripting/monoscript/fileName/MicrosoftHandInteraction.cs: 4dc4abdfb772f525705d10e2a1807220 -> dac920740153b0163dda0f7e56920e40
  custom:scripting/monoscript/fileName/RuntimeDebuggerWindow.cs: 410e78f6930c47a47f060ada0f65ea14 -> 0bc1d5ee7ce2553d42d62861471f3c44
  custom:scripting/monoscript/fileName/PackageSettingsEditor.cs: 3d290d8387d6b7e9107e28c918b35a75 -> 6212fddebb8f67c4da0f50592230839b
  custom:container-muxer-webm: aa71ff27fc2769a1b78a27578f13a17b -> 
  custom:scripting/monoscript/fileName/OpenXRLoader.cs: 2a29eae8313c0da50c8f79719feabdc3 -> 18020e98a4b26e822e0c5684b0251e04
  custom:scripting/monoscript/fileName/ValveIndexControllerProfile.cs: dcb1a84c7641748e3dbe495d3f7fcacd -> f923b1771c835a70375d3505e818878d
  custom:scripting/monoscript/fileName/OculusQuestFeatureEditor.cs: caa2240a357715777809c1e155d7fcfc -> af70b82209b4cf6ce20a2da2892dfc5f
  custom:video-decoder-webm-vp8: 9c59270c3fd7afecdb556c50c9e8de78 -> 
  custom:scripting/monoscript/fileName/OpenXRChooseRuntimeLibraries.cs: 310f73dd2546cb472dfd9dd2b709f43e -> 3923c2f1337a35d737ad0192eb46b432
  custom:scripting/monoscript/fileName/OculusQuestFeature.cs: f4ac8316c0f32dfaffd8fcb19bf24db7 -> 041c3418dd65b8e99ca410c708996814
  custom:scripting/monoscript/fileName/OpenXRFeatureSetManager.cs: 4e048d6bab7aae2619fe673806cc6ebf -> 4f340a53d115a7e1888d00ddc4cd614b
  custom:SearchIndexIgnoredProperties: e643bd26f0fe6173181afceb89e7c659 -> 
  custom:AudioImporter_EditorPlatform: d09bf68614088b80899f8185d706f6e7 -> 
  custom:scripting/monoscript/fileName/MockRuntime.cs: 4707e1b72a1c680c9bca910cce99580c -> 8e970d93da4762c7d57e9c9dd2b36dbb
  custom:scripting/monoscript/fileName/OpenXRDevice.cs: f3c3823f4956568d1e9728f978cdcf7b -> 1b3be9b024fb29351711164fb0577202
  custom:scripting/monoscript/fileName/HTCViveControllerProfile.cs: 68cbea6a75bb808962ef4679852274fe -> 575b921c71649e99576a05f0add9cf5d
  custom:scripting/monoscript/fileName/BootConfigBuilder.cs: 80cbd1d6b38400b696adb897e5751311 -> a174d8870c7a69fabc7d42a75b0f23aa
  custom:scripting/monoscript/fileName/OpenXRRenderSettings.cs: 8f6297df34271fdb1ce2d9607ec6261d -> 90647cc400823b41df847a6cbfc29026
  custom:scripting/monoscript/fileName/EyeGazeInteraction.cs: df93ecad6ff84040ea811a409734aecf -> dc1f12620c8656649cfc16f13969f5fa
  custom:scripting/monoscript/fileName/OpenXRAnalytics.cs: cd04f750fae989b24a13eb8b7fc568c7 -> 67d5de80ae8e3ee46bb1b4907783d54c
  custom:scripting/monoscript/fileName/MicrosoftMotionControllerProfile.cs: 047322156082fa203c5ec2a3d6b58d79 -> 6dcaa2067404bed7771687f2f9dfa057
  custom:scripting/monoscript/fileName/OpenXRRestarter.cs: 42c4a284fa4bc016f7554a7523fe6083 -> c236f3f43c026f409512d203b81e6184
  custom:scripting/monoscript/fileName/OpenXRFeatureAttribute.cs: 02f616d9d4e5ebefb869a433568617fe -> cb6dde4b346c754b123a290cdf928c65
  custom:scripting/monoscript/fileName/OpenXRLoaderNoPreInit.cs: 7ea37fe40035155d109f06ed1e31bdc0 -> 8f7a064e1e0bb6e17b9f5d171fe53dfc
  custom:scripting/monoscript/fileName/HandCommonPosesInteraction.cs: a9ba4ac130365bd9a98d3249459ad095 -> c984aa78f460c3bf39ec56bc9a0a414a
  custom:scripting/monoscript/fileName/OpenXRDiagnosticReport.cs: 81b79e6d53653bad181c2294c861dd29 -> f43e8307d90025ed39c346ed63d1208d
  custom:scripting/monoscript/fileName/RuntimeDebuggerOpenXRFeatureEditor.cs: 78d558165618d978f07c916ce9e6e2f5 -> 26a9be57964b520d3a47d8c20db877e9
  custom:scripting/monoscript/fileName/PoseControl.cs: 609dfc7c8c05a1cf200909bbac757fec -> 4ff0d325328ef40fb1693e34ac3358bf
  custom:scripting/monoscript/fileName/OpenXRFeatureBuildHooks.cs: 1710c5d7a8e48075c9e4aff8b45f1152 -> da31756dd3c74e69bcd7ed1a1983ed53
  custom:scripting/monoscript/fileName/HPReverbG2ControllerProfile.cs: 9d8499f0c7d25c6b81dc777a2c71df61 -> 6aadb5e22feaccfa77ef6db6c4d4541c
  custom:video-encoder-webm-vp8: eb34c28f22e8b96e1ab97ce403110664 -> 
  custom:scripting/monoscript/fileName/BootConfig.cs: 24b01b5e4e987a969a9c22c0ebea884d -> b2c4d54615a39b14509e601dd0f329ff
  custom:audio-decoder-ogg-vorbis: bf7c407c2cedff20999df2af8eb42d56 -> 
  custom:scripting/monoscript/fileName/OpenXRPackageSettings.cs: b11fb0112aeb128e201271bf06e53e96 -> 4f4aaba453bf105fb1c3c3d64247142d
  custom:scripting/monoscript/fileName/ModifyAndroidManifestMeta.cs: 0665e52998c0deb3bd8028395f9cc405 -> 3b920058e4dd8cbdb95cce4af271f981
  custom:scripting/monoscript/fileName/OpenXRFeatureSetAttribute.cs: 984b4e8e6598cf2b759dd56f021485ae -> 9e20f05fe0a3688af8836175869f0bb7
  custom:scripting/monoscript/fileName/HapticControl.cs: 81ffcc968c7774530b274658fb3c363b -> d7a5389cafde2a1337c58e2f0d91a837
  custom:scripting/monoscript/fileName/MetaQuestFeature.cs: 3ce83f71782e0ea75b31e962ea3efa0c -> b9c317336250afc5bb5fa2c2df269ea6
  custom:scripting/monoscript/fileName/OpenXRRuntimeSelector.cs: b88171011e80f362675b48be5e486939 -> 976a19637455f3c9d6af12ad00b783e3
  custom:scripting/monoscript/fileName/OpenXRFeatureEditor.cs: 80fd68feb25104575fb2fab5d957091c -> 01dd3fecc4e9c7ce9fb6af5d0948ba2a
  custom:scripting/monoscript/fileName/BuildHelperUtils.cs: 8328d1d9a38e1eb013b8e145e6eaf5e2 -> 619773c3d1b7f3f0ca7461f5c27242a8
  custom:scripting/monoscript/fileName/HandInteractionProfile.cs: 0d2aed2831986eac6f8f9aa17828b9d5 -> 9c7649bd495ee99cc73ddacbe0a8cd95
  custom:scripting/monoscript/fileName/ModifyAndroidManifestOculus.cs: fb2d868358b34027ef7bebd7c414bb6f -> 1d09740e7edd66fffc5895aae9e385d3
  custom:audio-encoder-webm-vorbis: bf7c407c2cedff20999df2af8eb42d56 -> 
  custom:scripting/monoscript/fileName/RuntimeDebuggerOpenXRFeature.cs: ca724df07df4d3ac84a3c339b29d867a -> 8b269b64ad1c99e85d7f28185c15f7bb
  custom:scripting/monoscript/fileName/MetaQuestFeatureBuildHooks.cs: 9faef18f7993e6e1073d79300a2378de -> 2ac755c66ffd4e4b7c22530386a7ba47
  custom:scripting/monoscript/fileName/OpenXRInput.cs: 22c2d7f1ec78d2a3229acc23c316aa56 -> b351db87f98ee399e568b78e0ed353e3
  custom:scripting/monoscript/fileName/OpenXRInteractionFeature.cs: cdbb80131a5413ae3319d169bec27823 -> a60484418ad6b497996467bb6f98db73
  custom:scripting/monoscript/fileName/OpenXREditorSettings.cs: 2445cd97d9c83a89667b220edba88001 -> 321e3a8126bc4b0248cbcecf63892f31
  custom:scripting/monoscript/fileName/OpenXRProjectValidation.cs: b212a865ce6bc0eec7aa584eb24e0320 -> 181508e149a91a64c6dfdc447b97c322
========================================================================
Received Prepare
Begin MonoManager ReloadAssembly
- Loaded All Assemblies, in  0.525 seconds
Refreshing native plugins compatible for Editor in 9.64 ms, found 8 plugins.
Native extension for UWP target not found
Native extension for WindowsStandalone target not found
Native extension for Android target not found
Native extension for WebGL target not found
[Package Manager] Server::EnsureServerProcessIsRunning -- launch failed, reason: Unity was launched with the -noUpm command-line argument
[Package Manager] UpmClient::Send -- Unable to send message (not connected to UPM process).
[Package Manager] Cannot connect to Unity Package Manager local server
[Package Manager] Server::EnsureServerProcessIsRunning -- launch failed, reason: Unity was launched with the -noUpm command-line argument
[Package Manager] UpmClient::Send -- Unable to send message (not connected to UPM process).
[Package Manager] Cannot connect to Unity Package Manager local server
Mono: successfully reloaded assembly
[Package Manager] Server::EnsureServerProcessIsRunning -- launch failed, reason: Unity was launched with the -noUpm command-line argument
[Package Manager] UpmClient::Send -- Unable to send message (not connected to UPM process).
[Package Manager] Cannot connect to Unity Package Manager local server
- Finished resetting the current domain, in  0.862 seconds
Domain Reload Profiling: 1386ms
	BeginReloadAssembly (228ms)
		ExecutionOrderSort (0ms)
		DisableScriptedObjects (5ms)
		BackupInstance (0ms)
		ReleaseScriptingObjects (0ms)
		CreateAndSetChildDomain (55ms)
	RebuildCommonClasses (31ms)
	RebuildNativeTypeToScriptingClass (12ms)
	initialDomainReloadingComplete (26ms)
	LoadAllAssembliesAndSetupDomain (227ms)
		LoadAssemblies (316ms)
		RebuildTransferFunctionScriptingTraits (0ms)
		AnalyzeDomain (32ms)
			TypeCache.Refresh (12ms)
				TypeCache.ScanAssembly (1ms)
			ScanForSourceGeneratedMonoScriptInfo (13ms)
			ResolveRequiredComponents (6ms)
	FinalizeReload (863ms)
		ReleaseScriptCaches (0ms)
		RebuildScriptCaches (0ms)
		SetupLoadedEditorAssemblies (463ms)
			LogAssemblyErrors (0ms)
			InitializePlatformSupportModulesInManaged (28ms)
			SetLoadedEditorAssemblies (6ms)
			RefreshPlugins (0ms)
			BeforeProcessingInitializeOnLoad (65ms)
			ProcessInitializeOnLoadAttributes (321ms)
			ProcessInitializeOnLoadMethodAttributes (38ms)
			AfterProcessingInitializeOnLoad (5ms)
			EditorAssembliesLoaded (0ms)
		ExecutionOrderSort2 (0ms)
		AwakeInstancesAfterBackupRestoration (8ms)
Refreshing native plugins compatible for Editor in 8.98 ms, found 8 plugins.
Preloading 0 native plugins for Editor in 0.00 ms.
Unloading 3411 Unused Serialized files (Serialized files now loaded: 0)
Unloading 59 unused Assets / (50.2 KB). Loaded Objects now: 4000.
Memory consumption went from 151.6 MB to 151.5 MB.
Total: 3.407100 ms (FindLiveObjects: 0.205700 ms CreateObjectMapping: 0.089500 ms MarkObjects: 3.021800 ms  DeleteObjects: 0.089000 ms)

Prepare: number of updated asset objects reloaded= 0
AssetImportParameters requested are different than current active one (requested -> active):
  custom:scripting/monoscript/fileName/DPadInteraction.cs: 95e73fe253040182d7d3a72946b178f3 -> 93f85c8ba74c4199c8fc9b6e8c6fb8a6
  custom:scripting/monoscript/fileName/OpenXRFeatureSettingsEditor.cs: 432d4287b2c032d3f57733ec7a14ca52 -> 46f7bc9b6667349416d592c92274a2cd
  custom:container-demuxer-ogg: 62fdf1f143b41e24485cea50d1cbac27 -> 
  custom:scripting/monoscript/fileName/UWPCoreWindowBuildHooks.cs: 83747187b120078555c0394b9a9b0ce0 -> 528ee0545204f8083d130ec04efc78bc
  custom:scripting/monoscript/fileName/MetaQuestFeatureEditor.cs: acb175f41678fa8897fabd924791b0e7 -> fff340053bb2e94334d0d5989f2eb349
  custom:video-codec-MediaFoundation-h265: 746d11721c4dcdbdad8f713fa42b33f4 -> 
  custom:scripting/monoscript/fileName/PalmPoseInteraction.cs: d1ed093e68224e5cc45274e3ae6adc1c -> 6bd25b6029acb9127f25748cb0b6d2a8
  custom:scripting/monoscript/fileName/OpenXRRuntime.cs: 41cdbd5bfbc4a71a3067e813237075c2 -> c3a00f9ce6a0283dcb391b83637adf44
  custom:video-decoder-ogg-theora: a1e56fd34408186e4bbccfd4996cb3dc -> 
  custom:scripting/monoscript/fileName/MetaQuestTouchProControllerProfile.cs: 924a0a20cbec88241d3a6560225c517c -> 9fffae235d4c14901711127c7daeb86c
  custom:scripting/monoscript/fileName/OpenXRConstants.cs: 62bb241e63691239607e98a1eb79e80e -> f878d042bd3999b796b9387b0c8a1032
  custom:scripting/monoscript/fileName/OpenXRFeatureUICommon.cs: 461800e5238100664aadc5872df93167 -> 45f7a59cd9c5cd84e28e0f7a429879c2
  custom:framework-win-MediaFoundation: 216162199b28c13a410421893ffa2e32 -> 
  custom:scripting/monoscript/fileName/OpenXRLoaderUI.cs: 9a80d2e453353745eb2f0dd55330d851 -> ebd8d704d5e26f054d43886c272cd005
  custom:scripting/monoscript/fileName/WaitForRestartFinish.cs: c5a146c5b1d306e0748cbca9592361f1 -> 0e76bf389cf347a5d8d6432ec661895f
  custom:scripting/monoscript/fileName/KHRSimpleControllerProfile.cs: 3b25cc37f550e18bd565ed99a4735dab -> bcdcb81587b2075f7af2f75706b9e69a
  custom:scripting/monoscript/fileName/OpenXRBuildProcessor.cs: 78ee5da2c331be8992399c1b88b44da9 -> 48dc0e114f75799c0d74bafe70808189
  custom:scripting/monoscript/fileName/OpenXRFeatureSettings.cs: 8f6297df34271fdb1ce2d9607ec6261d -> 90647cc400823b41df847a6cbfc29026
  custom:scripting/monoscript/fileName/OpenXRFeatureInternal.cs: 8f6297df34271fdb1ce2d9607ec6261d -> 90647cc400823b41df847a6cbfc29026
  custom:scripting/monoscript/fileName/DPadInteractionCustomEditor.cs: 99cd61b34a13338ccbcfea9c8d6abe5b -> d93785eeae2b4d41d39f603bd6f9849d
  custom:scripting/monoscript/fileName/OpenXRSpaceSettings.cs: 8f6297df34271fdb1ce2d9607ec6261d -> 90647cc400823b41df847a6cbfc29026
  custom:scripting/monoscript/fileName/ConformanceAutomationFeature.cs: cecaa95652b5ef8cb218b1dba74d83f1 -> 97112e825fad9ed87f6a9c7acc231c0b
  custom:scripting/monoscript/fileName/OpenXRLoaderInternal.cs: 8f6297df34271fdb1ce2d9607ec6261d -> 90647cc400823b41df847a6cbfc29026
  custom:scripting/monoscript/fileName/FeatureHelpers.cs: 04ad13b1b8191b392f3bd1df6ddd9271 -> 0e8d07707daeed1da30b1605e903226b
  custom:scripting/monoscript/fileName/DebuggerState.cs: 9e1dc0a50db973559c612ce1e515d668 -> 41070b7a08cc178a9ea51324cdaf5b81
  custom:CustomObjectIndexerAttribute: 43b350a4d6e6d1791af0b5038c4bea17 -> 
  custom:scripting/monoscript/fileName/OpenXRHmd.cs: be9ba1f914b0ca630d830f312e55d947 -> 1624687aa096b40d58d149d9c6304cca
  custom:scripting/monoscript/fileName/OpenXRMangementSettings.cs: 92bd940a5b14de9463a17a42849426eb -> 5a013b6c45b1e1d06085cb1496493b86
  custom:scripting/monoscript/fileName/OculusTouchControllerProfile.cs: 30174fa0cf36f963f4ec71c1aeb12f39 -> 03df51b5c781d1980f509408bae72bc8
  custom:scripting/monoscript/fileName/OpenXRNativeTypes.cs: 793b5e02b73bcc70e26074eb04bed819 -> 91cde5f962ea5dcb75652e72bac8769f
  custom:container-demuxer-webm: 4f35f7cbe854078d1ac9338744f61a02 -> 
  custom:scripting/monoscript/fileName/KnownFeatureSets.cs: ef1e57626e9d494e608dd097a504d985 -> 2cf391597f07a52473981e9cc2b41b67
  custom:scripting/monoscript/fileName/OpenXRProjectValidationRulesSetup.cs: 25e2d07ebf4abc51d6b13033f9d9631b -> 63c520149123eced22b6028c5ebd9d08
  custom:scripting/monoscript/fileName/MicrosoftHandInteraction.cs: 4dc4abdfb772f525705d10e2a1807220 -> dac920740153b0163dda0f7e56920e40
  custom:scripting/monoscript/fileName/RuntimeDebuggerWindow.cs: 410e78f6930c47a47f060ada0f65ea14 -> 0bc1d5ee7ce2553d42d62861471f3c44
  custom:scripting/monoscript/fileName/PackageSettingsEditor.cs: 3d290d8387d6b7e9107e28c918b35a75 -> 6212fddebb8f67c4da0f50592230839b
  custom:container-muxer-webm: aa71ff27fc2769a1b78a27578f13a17b -> 
  custom:scripting/monoscript/fileName/OpenXRLoader.cs: 2a29eae8313c0da50c8f79719feabdc3 -> 18020e98a4b26e822e0c5684b0251e04
  custom:scripting/monoscript/fileName/ValveIndexControllerProfile.cs: dcb1a84c7641748e3dbe495d3f7fcacd -> f923b1771c835a70375d3505e818878d
  custom:scripting/monoscript/fileName/OculusQuestFeatureEditor.cs: caa2240a357715777809c1e155d7fcfc -> af70b82209b4cf6ce20a2da2892dfc5f
  custom:video-decoder-webm-vp8: 9c59270c3fd7afecdb556c50c9e8de78 -> 
  custom:scripting/monoscript/fileName/OpenXRChooseRuntimeLibraries.cs: 310f73dd2546cb472dfd9dd2b709f43e -> 3923c2f1337a35d737ad0192eb46b432
  custom:scripting/monoscript/fileName/OculusQuestFeature.cs: f4ac8316c0f32dfaffd8fcb19bf24db7 -> 041c3418dd65b8e99ca410c708996814
  custom:scripting/monoscript/fileName/OpenXRFeatureSetManager.cs: 4e048d6bab7aae2619fe673806cc6ebf -> 4f340a53d115a7e1888d00ddc4cd614b
  custom:SearchIndexIgnoredProperties: e643bd26f0fe6173181afceb89e7c659 -> 
  custom:AudioImporter_EditorPlatform: d09bf68614088b80899f8185d706f6e7 -> 
  custom:scripting/monoscript/fileName/MockRuntime.cs: 4707e1b72a1c680c9bca910cce99580c -> 8e970d93da4762c7d57e9c9dd2b36dbb
  custom:scripting/monoscript/fileName/OpenXRDevice.cs: f3c3823f4956568d1e9728f978cdcf7b -> 1b3be9b024fb29351711164fb0577202
  custom:scripting/monoscript/fileName/HTCViveControllerProfile.cs: 68cbea6a75bb808962ef4679852274fe -> 575b921c71649e99576a05f0add9cf5d
  custom:scripting/monoscript/fileName/BootConfigBuilder.cs: 80cbd1d6b38400b696adb897e5751311 -> a174d8870c7a69fabc7d42a75b0f23aa
  custom:scripting/monoscript/fileName/OpenXRRenderSettings.cs: 8f6297df34271fdb1ce2d9607ec6261d -> 90647cc400823b41df847a6cbfc29026
  custom:scripting/monoscript/fileName/EyeGazeInteraction.cs: df93ecad6ff84040ea811a409734aecf -> dc1f12620c8656649cfc16f13969f5fa
  custom:scripting/monoscript/fileName/OpenXRAnalytics.cs: cd04f750fae989b24a13eb8b7fc568c7 -> 67d5de80ae8e3ee46bb1b4907783d54c
  custom:scripting/monoscript/fileName/MicrosoftMotionControllerProfile.cs: 047322156082fa203c5ec2a3d6b58d79 -> 6dcaa2067404bed7771687f2f9dfa057
  custom:scripting/monoscript/fileName/OpenXRRestarter.cs: 42c4a284fa4bc016f7554a7523fe6083 -> c236f3f43c026f409512d203b81e6184
  custom:scripting/monoscript/fileName/OpenXRFeatureAttribute.cs: 02f616d9d4e5ebefb869a433568617fe -> cb6dde4b346c754b123a290cdf928c65
  custom:scripting/monoscript/fileName/OpenXRLoaderNoPreInit.cs: 7ea37fe40035155d109f06ed1e31bdc0 -> 8f7a064e1e0bb6e17b9f5d171fe53dfc
  custom:scripting/monoscript/fileName/HandCommonPosesInteraction.cs: a9ba4ac130365bd9a98d3249459ad095 -> c984aa78f460c3bf39ec56bc9a0a414a
  custom:scripting/monoscript/fileName/OpenXRDiagnosticReport.cs: 81b79e6d53653bad181c2294c861dd29 -> f43e8307d90025ed39c346ed63d1208d
  custom:scripting/monoscript/fileName/RuntimeDebuggerOpenXRFeatureEditor.cs: 78d558165618d978f07c916ce9e6e2f5 -> 26a9be57964b520d3a47d8c20db877e9
  custom:scripting/monoscript/fileName/PoseControl.cs: 609dfc7c8c05a1cf200909bbac757fec -> 4ff0d325328ef40fb1693e34ac3358bf
  custom:scripting/monoscript/fileName/OpenXRFeatureBuildHooks.cs: 1710c5d7a8e48075c9e4aff8b45f1152 -> da31756dd3c74e69bcd7ed1a1983ed53
  custom:scripting/monoscript/fileName/HPReverbG2ControllerProfile.cs: 9d8499f0c7d25c6b81dc777a2c71df61 -> 6aadb5e22feaccfa77ef6db6c4d4541c
  custom:video-encoder-webm-vp8: eb34c28f22e8b96e1ab97ce403110664 -> 
  custom:scripting/monoscript/fileName/BootConfig.cs: 24b01b5e4e987a969a9c22c0ebea884d -> b2c4d54615a39b14509e601dd0f329ff
  custom:audio-decoder-ogg-vorbis: bf7c407c2cedff20999df2af8eb42d56 -> 
  custom:scripting/monoscript/fileName/OpenXRPackageSettings.cs: b11fb0112aeb128e201271bf06e53e96 -> 4f4aaba453bf105fb1c3c3d64247142d
  custom:scripting/monoscript/fileName/ModifyAndroidManifestMeta.cs: 0665e52998c0deb3bd8028395f9cc405 -> 3b920058e4dd8cbdb95cce4af271f981
  custom:scripting/monoscript/fileName/OpenXRFeatureSetAttribute.cs: 984b4e8e6598cf2b759dd56f021485ae -> 9e20f05fe0a3688af8836175869f0bb7
  custom:scripting/monoscript/fileName/HapticControl.cs: 81ffcc968c7774530b274658fb3c363b -> d7a5389cafde2a1337c58e2f0d91a837
  custom:scripting/monoscript/fileName/MetaQuestFeature.cs: 3ce83f71782e0ea75b31e962ea3efa0c -> b9c317336250afc5bb5fa2c2df269ea6
  custom:scripting/monoscript/fileName/OpenXRRuntimeSelector.cs: b88171011e80f362675b48be5e486939 -> 976a19637455f3c9d6af12ad00b783e3
  custom:scripting/monoscript/fileName/OpenXRFeatureEditor.cs: 80fd68feb25104575fb2fab5d957091c -> 01dd3fecc4e9c7ce9fb6af5d0948ba2a
  custom:scripting/monoscript/fileName/BuildHelperUtils.cs: 8328d1d9a38e1eb013b8e145e6eaf5e2 -> 619773c3d1b7f3f0ca7461f5c27242a8
  custom:scripting/monoscript/fileName/HandInteractionProfile.cs: 0d2aed2831986eac6f8f9aa17828b9d5 -> 9c7649bd495ee99cc73ddacbe0a8cd95
  custom:scripting/monoscript/fileName/ModifyAndroidManifestOculus.cs: fb2d868358b34027ef7bebd7c414bb6f -> 1d09740e7edd66fffc5895aae9e385d3
  custom:audio-encoder-webm-vorbis: bf7c407c2cedff20999df2af8eb42d56 -> 
  custom:scripting/monoscript/fileName/RuntimeDebuggerOpenXRFeature.cs: ca724df07df4d3ac84a3c339b29d867a -> 8b269b64ad1c99e85d7f28185c15f7bb
  custom:scripting/monoscript/fileName/MetaQuestFeatureBuildHooks.cs: 9faef18f7993e6e1073d79300a2378de -> 2ac755c66ffd4e4b7c22530386a7ba47
  custom:scripting/monoscript/fileName/OpenXRInput.cs: 22c2d7f1ec78d2a3229acc23c316aa56 -> b351db87f98ee399e568b78e0ed353e3
  custom:scripting/monoscript/fileName/OpenXRInteractionFeature.cs: cdbb80131a5413ae3319d169bec27823 -> a60484418ad6b497996467bb6f98db73
  custom:scripting/monoscript/fileName/OpenXREditorSettings.cs: 2445cd97d9c83a89667b220edba88001 -> 321e3a8126bc4b0248cbcecf63892f31
  custom:scripting/monoscript/fileName/OpenXRProjectValidation.cs: b212a865ce6bc0eec7aa584eb24e0320 -> 181508e149a91a64c6dfdc447b97c322
========================================================================
Received Prepare
Begin MonoManager ReloadAssembly
- Loaded All Assemblies, in  0.618 seconds
Refreshing native plugins compatible for Editor in 17.29 ms, found 8 plugins.
Native extension for UWP target not found
Native extension for WindowsStandalone target not found
Native extension for Android target not found
Native extension for WebGL target not found
[Package Manager] Server::EnsureServerProcessIsRunning -- launch failed, reason: Unity was launched with the -noUpm command-line argument
[Package Manager] UpmClient::Send -- Unable to send message (not connected to UPM process).
[Package Manager] Cannot connect to Unity Package Manager local server
[Package Manager] Server::EnsureServerProcessIsRunning -- launch failed, reason: Unity was launched with the -noUpm command-line argument
[Package Manager] UpmClient::Send -- Unable to send message (not connected to UPM process).
[Package Manager] Cannot connect to Unity Package Manager local server
Mono: successfully reloaded assembly
[Package Manager] Server::EnsureServerProcessIsRunning -- launch failed, reason: Unity was launched with the -noUpm command-line argument
[Package Manager] UpmClient::Send -- Unable to send message (not connected to UPM process).
[Package Manager] Cannot connect to Unity Package Manager local server
- Finished resetting the current domain, in  0.912 seconds
Domain Reload Profiling: 1528ms
	BeginReloadAssembly (211ms)
		ExecutionOrderSort (0ms)
		DisableScriptedObjects (6ms)
		BackupInstance (0ms)
		ReleaseScriptingObjects (0ms)
		CreateAndSetChildDomain (46ms)
	RebuildCommonClasses (37ms)
	RebuildNativeTypeToScriptingClass (12ms)
	initialDomainReloadingComplete (36ms)
	LoadAllAssembliesAndSetupDomain (320ms)
		LoadAssemblies (393ms)
		RebuildTransferFunctionScriptingTraits (0ms)
		AnalyzeDomain (47ms)
			TypeCache.Refresh (16ms)
				TypeCache.ScanAssembly (1ms)
			ScanForSourceGeneratedMonoScriptInfo (19ms)
			ResolveRequiredComponents (11ms)
	FinalizeReload (912ms)
		ReleaseScriptCaches (0ms)
		RebuildScriptCaches (0ms)
		SetupLoadedEditorAssemblies (522ms)
			LogAssemblyErrors (0ms)
			InitializePlatformSupportModulesInManaged (25ms)
			SetLoadedEditorAssemblies (3ms)
			RefreshPlugins (0ms)
			BeforeProcessingInitializeOnLoad (66ms)
			ProcessInitializeOnLoadAttributes (375ms)
			ProcessInitializeOnLoadMethodAttributes (47ms)
			AfterProcessingInitializeOnLoad (6ms)
			EditorAssembliesLoaded (0ms)
		ExecutionOrderSort2 (0ms)
		AwakeInstancesAfterBackupRestoration (6ms)
Refreshing native plugins compatible for Editor in 9.06 ms, found 8 plugins.
Preloading 0 native plugins for Editor in 0.00 ms.
Unloading 3411 Unused Serialized files (Serialized files now loaded: 0)
Unloading 59 unused Assets / (50.1 KB). Loaded Objects now: 4004.
Memory consumption went from 153.5 MB to 153.5 MB.
Total: 3.175600 ms (FindLiveObjects: 0.232800 ms CreateObjectMapping: 0.100700 ms MarkObjects: 2.771100 ms  DeleteObjects: 0.070100 ms)

Prepare: number of updated asset objects reloaded= 0
AssetImportParameters requested are different than current active one (requested -> active):
  custom:scripting/monoscript/fileName/DPadInteraction.cs: 95e73fe253040182d7d3a72946b178f3 -> 93f85c8ba74c4199c8fc9b6e8c6fb8a6
  custom:scripting/monoscript/fileName/OpenXRFeatureSettingsEditor.cs: 432d4287b2c032d3f57733ec7a14ca52 -> 46f7bc9b6667349416d592c92274a2cd
  custom:container-demuxer-ogg: 62fdf1f143b41e24485cea50d1cbac27 -> 
  custom:scripting/monoscript/fileName/UWPCoreWindowBuildHooks.cs: 83747187b120078555c0394b9a9b0ce0 -> 528ee0545204f8083d130ec04efc78bc
  custom:scripting/monoscript/fileName/MetaQuestFeatureEditor.cs: acb175f41678fa8897fabd924791b0e7 -> fff340053bb2e94334d0d5989f2eb349
  custom:video-codec-MediaFoundation-h265: 746d11721c4dcdbdad8f713fa42b33f4 -> 
  custom:scripting/monoscript/fileName/PalmPoseInteraction.cs: d1ed093e68224e5cc45274e3ae6adc1c -> 6bd25b6029acb9127f25748cb0b6d2a8
  custom:scripting/monoscript/fileName/OpenXRRuntime.cs: 41cdbd5bfbc4a71a3067e813237075c2 -> c3a00f9ce6a0283dcb391b83637adf44
  custom:video-decoder-ogg-theora: a1e56fd34408186e4bbccfd4996cb3dc -> 
  custom:scripting/monoscript/fileName/MetaQuestTouchProControllerProfile.cs: 924a0a20cbec88241d3a6560225c517c -> 9fffae235d4c14901711127c7daeb86c
  custom:scripting/monoscript/fileName/OpenXRConstants.cs: 62bb241e63691239607e98a1eb79e80e -> f878d042bd3999b796b9387b0c8a1032
  custom:scripting/monoscript/fileName/OpenXRFeatureUICommon.cs: 461800e5238100664aadc5872df93167 -> 45f7a59cd9c5cd84e28e0f7a429879c2
  custom:framework-win-MediaFoundation: 216162199b28c13a410421893ffa2e32 -> 
  custom:scripting/monoscript/fileName/OpenXRLoaderUI.cs: 9a80d2e453353745eb2f0dd55330d851 -> ebd8d704d5e26f054d43886c272cd005
  custom:scripting/monoscript/fileName/WaitForRestartFinish.cs: c5a146c5b1d306e0748cbca9592361f1 -> 0e76bf389cf347a5d8d6432ec661895f
  custom:scripting/monoscript/fileName/KHRSimpleControllerProfile.cs: 3b25cc37f550e18bd565ed99a4735dab -> bcdcb81587b2075f7af2f75706b9e69a
  custom:scripting/monoscript/fileName/OpenXRBuildProcessor.cs: 78ee5da2c331be8992399c1b88b44da9 -> 48dc0e114f75799c0d74bafe70808189
  custom:scripting/monoscript/fileName/OpenXRFeatureSettings.cs: 8f6297df34271fdb1ce2d9607ec6261d -> 90647cc400823b41df847a6cbfc29026
  custom:scripting/monoscript/fileName/OpenXRFeatureInternal.cs: 8f6297df34271fdb1ce2d9607ec6261d -> 90647cc400823b41df847a6cbfc29026
  custom:scripting/monoscript/fileName/DPadInteractionCustomEditor.cs: 99cd61b34a13338ccbcfea9c8d6abe5b -> d93785eeae2b4d41d39f603bd6f9849d
  custom:scripting/monoscript/fileName/OpenXRSpaceSettings.cs: 8f6297df34271fdb1ce2d9607ec6261d -> 90647cc400823b41df847a6cbfc29026
  custom:scripting/monoscript/fileName/ConformanceAutomationFeature.cs: cecaa95652b5ef8cb218b1dba74d83f1 -> 97112e825fad9ed87f6a9c7acc231c0b
  custom:scripting/monoscript/fileName/OpenXRLoaderInternal.cs: 8f6297df34271fdb1ce2d9607ec6261d -> 90647cc400823b41df847a6cbfc29026
  custom:scripting/monoscript/fileName/FeatureHelpers.cs: 04ad13b1b8191b392f3bd1df6ddd9271 -> 0e8d07707daeed1da30b1605e903226b
  custom:scripting/monoscript/fileName/DebuggerState.cs: 9e1dc0a50db973559c612ce1e515d668 -> 41070b7a08cc178a9ea51324cdaf5b81
  custom:CustomObjectIndexerAttribute: 43b350a4d6e6d1791af0b5038c4bea17 -> 
  custom:scripting/monoscript/fileName/OpenXRHmd.cs: be9ba1f914b0ca630d830f312e55d947 -> 1624687aa096b40d58d149d9c6304cca
  custom:scripting/monoscript/fileName/OpenXRMangementSettings.cs: 92bd940a5b14de9463a17a42849426eb -> 5a013b6c45b1e1d06085cb1496493b86
  custom:scripting/monoscript/fileName/OculusTouchControllerProfile.cs: 30174fa0cf36f963f4ec71c1aeb12f39 -> 03df51b5c781d1980f509408bae72bc8
  custom:scripting/monoscript/fileName/OpenXRNativeTypes.cs: 793b5e02b73bcc70e26074eb04bed819 -> 91cde5f962ea5dcb75652e72bac8769f
  custom:container-demuxer-webm: 4f35f7cbe854078d1ac9338744f61a02 -> 
  custom:scripting/monoscript/fileName/KnownFeatureSets.cs: ef1e57626e9d494e608dd097a504d985 -> 2cf391597f07a52473981e9cc2b41b67
  custom:scripting/monoscript/fileName/OpenXRProjectValidationRulesSetup.cs: 25e2d07ebf4abc51d6b13033f9d9631b -> 63c520149123eced22b6028c5ebd9d08
  custom:scripting/monoscript/fileName/MicrosoftHandInteraction.cs: 4dc4abdfb772f525705d10e2a1807220 -> dac920740153b0163dda0f7e56920e40
  custom:scripting/monoscript/fileName/RuntimeDebuggerWindow.cs: 410e78f6930c47a47f060ada0f65ea14 -> 0bc1d5ee7ce2553d42d62861471f3c44
  custom:scripting/monoscript/fileName/PackageSettingsEditor.cs: 3d290d8387d6b7e9107e28c918b35a75 -> 6212fddebb8f67c4da0f50592230839b
  custom:container-muxer-webm: aa71ff27fc2769a1b78a27578f13a17b -> 
  custom:scripting/monoscript/fileName/OpenXRLoader.cs: 2a29eae8313c0da50c8f79719feabdc3 -> 18020e98a4b26e822e0c5684b0251e04
  custom:scripting/monoscript/fileName/ValveIndexControllerProfile.cs: dcb1a84c7641748e3dbe495d3f7fcacd -> f923b1771c835a70375d3505e818878d
  custom:scripting/monoscript/fileName/OculusQuestFeatureEditor.cs: caa2240a357715777809c1e155d7fcfc -> af70b82209b4cf6ce20a2da2892dfc5f
  custom:video-decoder-webm-vp8: 9c59270c3fd7afecdb556c50c9e8de78 -> 
  custom:scripting/monoscript/fileName/OpenXRChooseRuntimeLibraries.cs: 310f73dd2546cb472dfd9dd2b709f43e -> 3923c2f1337a35d737ad0192eb46b432
  custom:scripting/monoscript/fileName/OculusQuestFeature.cs: f4ac8316c0f32dfaffd8fcb19bf24db7 -> 041c3418dd65b8e99ca410c708996814
  custom:scripting/monoscript/fileName/OpenXRFeatureSetManager.cs: 4e048d6bab7aae2619fe673806cc6ebf -> 4f340a53d115a7e1888d00ddc4cd614b
  custom:SearchIndexIgnoredProperties: e643bd26f0fe6173181afceb89e7c659 -> 
  custom:AudioImporter_EditorPlatform: d09bf68614088b80899f8185d706f6e7 -> 
  custom:scripting/monoscript/fileName/MockRuntime.cs: 4707e1b72a1c680c9bca910cce99580c -> 8e970d93da4762c7d57e9c9dd2b36dbb
  custom:scripting/monoscript/fileName/OpenXRDevice.cs: f3c3823f4956568d1e9728f978cdcf7b -> 1b3be9b024fb29351711164fb0577202
  custom:scripting/monoscript/fileName/HTCViveControllerProfile.cs: 68cbea6a75bb808962ef4679852274fe -> 575b921c71649e99576a05f0add9cf5d
  custom:scripting/monoscript/fileName/BootConfigBuilder.cs: 80cbd1d6b38400b696adb897e5751311 -> a174d8870c7a69fabc7d42a75b0f23aa
  custom:scripting/monoscript/fileName/OpenXRRenderSettings.cs: 8f6297df34271fdb1ce2d9607ec6261d -> 90647cc400823b41df847a6cbfc29026
  custom:scripting/monoscript/fileName/EyeGazeInteraction.cs: df93ecad6ff84040ea811a409734aecf -> dc1f12620c8656649cfc16f13969f5fa
  custom:scripting/monoscript/fileName/OpenXRAnalytics.cs: cd04f750fae989b24a13eb8b7fc568c7 -> 67d5de80ae8e3ee46bb1b4907783d54c
  custom:scripting/monoscript/fileName/MicrosoftMotionControllerProfile.cs: 047322156082fa203c5ec2a3d6b58d79 -> 6dcaa2067404bed7771687f2f9dfa057
  custom:scripting/monoscript/fileName/OpenXRRestarter.cs: 42c4a284fa4bc016f7554a7523fe6083 -> c236f3f43c026f409512d203b81e6184
  custom:scripting/monoscript/fileName/OpenXRFeatureAttribute.cs: 02f616d9d4e5ebefb869a433568617fe -> cb6dde4b346c754b123a290cdf928c65
  custom:scripting/monoscript/fileName/OpenXRLoaderNoPreInit.cs: 7ea37fe40035155d109f06ed1e31bdc0 -> 8f7a064e1e0bb6e17b9f5d171fe53dfc
  custom:scripting/monoscript/fileName/HandCommonPosesInteraction.cs: a9ba4ac130365bd9a98d3249459ad095 -> c984aa78f460c3bf39ec56bc9a0a414a
  custom:scripting/monoscript/fileName/OpenXRDiagnosticReport.cs: 81b79e6d53653bad181c2294c861dd29 -> f43e8307d90025ed39c346ed63d1208d
  custom:scripting/monoscript/fileName/RuntimeDebuggerOpenXRFeatureEditor.cs: 78d558165618d978f07c916ce9e6e2f5 -> 26a9be57964b520d3a47d8c20db877e9
  custom:scripting/monoscript/fileName/PoseControl.cs: 609dfc7c8c05a1cf200909bbac757fec -> 4ff0d325328ef40fb1693e34ac3358bf
  custom:scripting/monoscript/fileName/OpenXRFeatureBuildHooks.cs: 1710c5d7a8e48075c9e4aff8b45f1152 -> da31756dd3c74e69bcd7ed1a1983ed53
  custom:scripting/monoscript/fileName/HPReverbG2ControllerProfile.cs: 9d8499f0c7d25c6b81dc777a2c71df61 -> 6aadb5e22feaccfa77ef6db6c4d4541c
  custom:video-encoder-webm-vp8: eb34c28f22e8b96e1ab97ce403110664 -> 
  custom:scripting/monoscript/fileName/BootConfig.cs: 24b01b5e4e987a969a9c22c0ebea884d -> b2c4d54615a39b14509e601dd0f329ff
  custom:audio-decoder-ogg-vorbis: bf7c407c2cedff20999df2af8eb42d56 -> 
  custom:scripting/monoscript/fileName/OpenXRPackageSettings.cs: b11fb0112aeb128e201271bf06e53e96 -> 4f4aaba453bf105fb1c3c3d64247142d
  custom:scripting/monoscript/fileName/ModifyAndroidManifestMeta.cs: 0665e52998c0deb3bd8028395f9cc405 -> 3b920058e4dd8cbdb95cce4af271f981
  custom:scripting/monoscript/fileName/OpenXRFeatureSetAttribute.cs: 984b4e8e6598cf2b759dd56f021485ae -> 9e20f05fe0a3688af8836175869f0bb7
  custom:scripting/monoscript/fileName/HapticControl.cs: 81ffcc968c7774530b274658fb3c363b -> d7a5389cafde2a1337c58e2f0d91a837
  custom:scripting/monoscript/fileName/MetaQuestFeature.cs: 3ce83f71782e0ea75b31e962ea3efa0c -> b9c317336250afc5bb5fa2c2df269ea6
  custom:scripting/monoscript/fileName/OpenXRRuntimeSelector.cs: b88171011e80f362675b48be5e486939 -> 976a19637455f3c9d6af12ad00b783e3
  custom:scripting/monoscript/fileName/OpenXRFeatureEditor.cs: 80fd68feb25104575fb2fab5d957091c -> 01dd3fecc4e9c7ce9fb6af5d0948ba2a
  custom:scripting/monoscript/fileName/BuildHelperUtils.cs: 8328d1d9a38e1eb013b8e145e6eaf5e2 -> 619773c3d1b7f3f0ca7461f5c27242a8
  custom:scripting/monoscript/fileName/HandInteractionProfile.cs: 0d2aed2831986eac6f8f9aa17828b9d5 -> 9c7649bd495ee99cc73ddacbe0a8cd95
  custom:scripting/monoscript/fileName/ModifyAndroidManifestOculus.cs: fb2d868358b34027ef7bebd7c414bb6f -> 1d09740e7edd66fffc5895aae9e385d3
  custom:audio-encoder-webm-vorbis: bf7c407c2cedff20999df2af8eb42d56 -> 
  custom:scripting/monoscript/fileName/RuntimeDebuggerOpenXRFeature.cs: ca724df07df4d3ac84a3c339b29d867a -> 8b269b64ad1c99e85d7f28185c15f7bb
  custom:scripting/monoscript/fileName/MetaQuestFeatureBuildHooks.cs: 9faef18f7993e6e1073d79300a2378de -> 2ac755c66ffd4e4b7c22530386a7ba47
  custom:scripting/monoscript/fileName/OpenXRInput.cs: 22c2d7f1ec78d2a3229acc23c316aa56 -> b351db87f98ee399e568b78e0ed353e3
  custom:scripting/monoscript/fileName/OpenXRInteractionFeature.cs: cdbb80131a5413ae3319d169bec27823 -> a60484418ad6b497996467bb6f98db73
  custom:scripting/monoscript/fileName/OpenXREditorSettings.cs: 2445cd97d9c83a89667b220edba88001 -> 321e3a8126bc4b0248cbcecf63892f31
  custom:scripting/monoscript/fileName/OpenXRProjectValidation.cs: b212a865ce6bc0eec7aa584eb24e0320 -> 181508e149a91a64c6dfdc447b97c322
